<?xml version="1.0" encoding="UTF-8"?>
<!-- Generated by org.testng.reporters.JUnitReportReporter -->
<testsuite skipped="0" hostname="LAPTOP-UGR7KHL6" name="runner.Runner" tests="1" failures="0" timestamp="2020-08-16T02:27:01 IST" time="63.057" errors="0">
  <testcase name="runScenario" time="63.057" classname="runner.Runner"/>
</testsuite> <!-- runner.Runner -->
