<?xml version="1.0" encoding="UTF-8"?>
<!-- Generated by org.testng.reporters.JUnitReportReporter -->
<testsuite skipped="0" hostname="LAPTOP-UGR7KHL6" name="com.cumframework.runner.Runner" tests="1" failures="0" timestamp="2021-04-14T18:39:31 IST" time="46.545" errors="0">
  <testcase name="runScenario" time="46.545" classname="com.cumframework.runner.Runner"/>
</testsuite> <!-- com.cumframework.runner.Runner -->
